[Tue Aug 6 19:12:2024] [Parse RSS error] https://ihaihe.cn/feed: Attempt 1/3: Failed to detect feed type

[Tue Aug 6 19:13:2024] [Parse RSS error] https://ihaihe.cn/feed: Attempt 2/3: Failed to detect feed type

[Tue Aug 6 19:13:2024] [Parse RSS error] https://ihaihe.cn/feed: Attempt 3/3: Failed to detect feed type

[Tue Aug 6 19:13:2024] [Failed to parse RSS] https://ihaihe.cn/feed: Failed to detect feed type

[Tue Aug 6 20:01:2024] [Get RSS error] https://jingxin18.cn/feed: Attempt 1/3: Get "https://jingxin18.cn/feed": tls: failed to verify certificate: x509: certificate is valid for cloudflare-dns.com, *.cloudflare-dns.com, one.one.one.one, not jingxin18.cn

[Tue Aug 6 20:01:2024] [Get RSS error] https://www.bio-w.cn/feed: Attempt 1/3: Get "https://www.bio-w.cn/feed": tls: failed to verify certificate: x509: certificate has expired or is not yet valid: current time 2024-08-06T12:01:15Z is after 2024-08-05T23:59:59Z

[Tue Aug 6 20:01:2024] [Get RSS error] https://jingxin18.cn/feed: Attempt 2/3: Get "https://jingxin18.cn/feed": tls: failed to verify certificate: x509: certificate is valid for cloudflare-dns.com, *.cloudflare-dns.com, one.one.one.one, not jingxin18.cn

[Tue Aug 6 20:01:2024] [Get RSS error] https://www.bio-w.cn/feed: Attempt 2/3: Get "https://www.bio-w.cn/feed": tls: failed to verify certificate: x509: certificate has expired or is not yet valid: current time 2024-08-06T12:01:26Z is after 2024-08-05T23:59:59Z

[Tue Aug 6 20:01:2024] [Get RSS error] https://jingxin18.cn/feed: Attempt 3/3: Get "https://jingxin18.cn/feed": tls: failed to verify certificate: x509: certificate is valid for cloudflare-dns.com, *.cloudflare-dns.com, one.one.one.one, not jingxin18.cn

[Tue Aug 6 20:01:2024] [Get RSS error] https://www.bio-w.cn/feed: Attempt 3/3: Get "https://www.bio-w.cn/feed": tls: failed to verify certificate: x509: certificate has expired or is not yet valid: current time 2024-08-06T12:01:38Z is after 2024-08-05T23:59:59Z

[Tue Aug 6 20:01:2024] [Failed to fetch RSS] https://jingxin18.cn/feed: Get "https://jingxin18.cn/feed": tls: failed to verify certificate: x509: certificate is valid for cloudflare-dns.com, *.cloudflare-dns.com, one.one.one.one, not jingxin18.cn

[Tue Aug 6 20:01:2024] [Failed to fetch RSS] https://www.bio-w.cn/feed: Get "https://www.bio-w.cn/feed": tls: failed to verify certificate: x509: certificate has expired or is not yet valid: current time 2024-08-06T12:01:38Z is after 2024-08-05T23:59:59Z

[Tue Aug 6 20:19:2024] [Get RSS error] https://jingxin18.cn/feed: Attempt 1/3: Get "https://jingxin18.cn/feed": tls: failed to verify certificate: x509: certificate is valid for cloudflare-dns.com, *.cloudflare-dns.com, one.one.one.one, not jingxin18.cn

[Tue Aug 6 20:19:2024] [Get RSS error] https://www.bio-w.cn/feed: Attempt 1/3: Get "https://www.bio-w.cn/feed": tls: failed to verify certificate: x509: certificate has expired or is not yet valid: current time 2024-08-06T12:19:03Z is after 2024-08-05T23:59:59Z

[Tue Aug 6 20:19:2024] [Get RSS error] https://jingxin18.cn/feed: Attempt 2/3: Get "https://jingxin18.cn/feed": tls: failed to verify certificate: x509: certificate is valid for cloudflare-dns.com, *.cloudflare-dns.com, one.one.one.one, not jingxin18.cn

[Tue Aug 6 20:19:2024] [Get RSS error] https://www.bio-w.cn/feed: Attempt 2/3: Get "https://www.bio-w.cn/feed": tls: failed to verify certificate: x509: certificate has expired or is not yet valid: current time 2024-08-06T12:19:14Z is after 2024-08-05T23:59:59Z

[Tue Aug 6 20:19:2024] [Get RSS error] https://jingxin18.cn/feed: Attempt 3/3: Get "https://jingxin18.cn/feed": tls: failed to verify certificate: x509: certificate is valid for cloudflare-dns.com, *.cloudflare-dns.com, one.one.one.one, not jingxin18.cn

[Tue Aug 6 20:19:2024] [Get RSS error] https://www.bio-w.cn/feed: Attempt 3/3: Get "https://www.bio-w.cn/feed": tls: failed to verify certificate: x509: certificate has expired or is not yet valid: current time 2024-08-06T12:19:25Z is after 2024-08-05T23:59:59Z

[Tue Aug 6 20:19:2024] [Failed to fetch RSS] https://jingxin18.cn/feed: Get "https://jingxin18.cn/feed": tls: failed to verify certificate: x509: certificate is valid for cloudflare-dns.com, *.cloudflare-dns.com, one.one.one.one, not jingxin18.cn

[Tue Aug 6 20:19:2024] [Failed to fetch RSS] https://www.bio-w.cn/feed: Get "https://www.bio-w.cn/feed": tls: failed to verify certificate: x509: certificate has expired or is not yet valid: current time 2024-08-06T12:19:25Z is after 2024-08-05T23:59:59Z

[Tue Aug 6 20:37:2024] [Get RSS error] https://jingxin18.cn/feed: Attempt 1/3: Get "https://jingxin18.cn/feed": tls: failed to verify certificate: x509: certificate is valid for cloudflare-dns.com, *.cloudflare-dns.com, one.one.one.one, not jingxin18.cn

[Tue Aug 6 20:37:2024] [Get RSS error] https://www.bio-w.cn/feed: Attempt 1/3: Get "https://www.bio-w.cn/feed": tls: failed to verify certificate: x509: certificate has expired or is not yet valid: current time 2024-08-06T12:37:46Z is after 2024-08-05T23:59:59Z

[Tue Aug 6 20:37:2024] [Get RSS error] https://jingxin18.cn/feed: Attempt 2/3: Get "https://jingxin18.cn/feed": tls: failed to verify certificate: x509: certificate is valid for cloudflare-dns.com, *.cloudflare-dns.com, one.one.one.one, not jingxin18.cn

[Tue Aug 6 20:37:2024] [Get RSS error] https://www.bio-w.cn/feed: Attempt 2/3: Get "https://www.bio-w.cn/feed": tls: failed to verify certificate: x509: certificate has expired or is not yet valid: current time 2024-08-06T12:37:57Z is after 2024-08-05T23:59:59Z

[Tue Aug 6 20:38:2024] [Get RSS error] https://jingxin18.cn/feed: Attempt 3/3: Get "https://jingxin18.cn/feed": tls: failed to verify certificate: x509: certificate is valid for cloudflare-dns.com, *.cloudflare-dns.com, one.one.one.one, not jingxin18.cn

[Tue Aug 6 20:38:2024] [Get RSS error] https://www.bio-w.cn/feed: Attempt 3/3: Get "https://www.bio-w.cn/feed": tls: failed to verify certificate: x509: certificate has expired or is not yet valid: current time 2024-08-06T12:38:08Z is after 2024-08-05T23:59:59Z

[Tue Aug 6 20:38:2024] [Failed to fetch RSS] https://jingxin18.cn/feed: Get "https://jingxin18.cn/feed": tls: failed to verify certificate: x509: certificate is valid for cloudflare-dns.com, *.cloudflare-dns.com, one.one.one.one, not jingxin18.cn

[Tue Aug 6 20:38:2024] [Failed to fetch RSS] https://www.bio-w.cn/feed: Get "https://www.bio-w.cn/feed": tls: failed to verify certificate: x509: certificate has expired or is not yet valid: current time 2024-08-06T12:38:08Z is after 2024-08-05T23:59:59Z

[Tue Aug 6 23:21:2024] [Get RSS error] https://jingxin18.cn/feed: Attempt 1/3: Get "https://jingxin18.cn/feed": tls: failed to verify certificate: x509: certificate is valid for cloudflare-dns.com, *.cloudflare-dns.com, one.one.one.one, not jingxin18.cn

[Tue Aug 6 23:21:2024] [Get RSS error] https://www.bio-w.cn/feed: Attempt 1/3: Get "https://www.bio-w.cn/feed": tls: failed to verify certificate: x509: certificate has expired or is not yet valid: current time 2024-08-06T15:21:58Z is after 2024-08-05T23:59:59Z

[Tue Aug 6 23:22:2024] [Get RSS error] https://jingxin18.cn/feed: Attempt 2/3: Get "https://jingxin18.cn/feed": tls: failed to verify certificate: x509: certificate is valid for cloudflare-dns.com, *.cloudflare-dns.com, one.one.one.one, not jingxin18.cn

[Tue Aug 6 23:22:2024] [Get RSS error] https://www.bio-w.cn/feed: Attempt 2/3: Get "https://www.bio-w.cn/feed": tls: failed to verify certificate: x509: certificate has expired or is not yet valid: current time 2024-08-06T15:22:10Z is after 2024-08-05T23:59:59Z

[Tue Aug 6 23:22:2024] [Get RSS error] https://jingxin18.cn/feed: Attempt 3/3: Get "https://jingxin18.cn/feed": tls: failed to verify certificate: x509: certificate is valid for cloudflare-dns.com, *.cloudflare-dns.com, one.one.one.one, not jingxin18.cn

[Tue Aug 6 23:22:2024] [Get RSS error] https://www.bio-w.cn/feed: Attempt 3/3: Get "https://www.bio-w.cn/feed": tls: failed to verify certificate: x509: certificate has expired or is not yet valid: current time 2024-08-06T15:22:21Z is after 2024-08-05T23:59:59Z

[Tue Aug 6 23:22:2024] [Failed to fetch RSS] https://jingxin18.cn/feed: Get "https://jingxin18.cn/feed": tls: failed to verify certificate: x509: certificate is valid for cloudflare-dns.com, *.cloudflare-dns.com, one.one.one.one, not jingxin18.cn

[Tue Aug 6 23:22:2024] [Failed to fetch RSS] https://www.bio-w.cn/feed: Get "https://www.bio-w.cn/feed": tls: failed to verify certificate: x509: certificate has expired or is not yet valid: current time 2024-08-06T15:22:21Z is after 2024-08-05T23:59:59Z

[Wed Aug 7 02:27:2024] [Get RSS error] https://jingxin18.cn/feed: Attempt 1/3: Get "https://jingxin18.cn/feed": tls: failed to verify certificate: x509: certificate is valid for cloudflare-dns.com, *.cloudflare-dns.com, one.one.one.one, not jingxin18.cn

[Wed Aug 7 02:27:2024] [Get RSS error] https://www.bio-w.cn/feed: Attempt 1/3: Get "https://www.bio-w.cn/feed": tls: failed to verify certificate: x509: certificate has expired or is not yet valid: current time 2024-08-06T18:27:33Z is after 2024-08-05T23:59:59Z

[Wed Aug 7 02:27:2024] [Get RSS error] https://jingxin18.cn/feed: Attempt 2/3: Get "https://jingxin18.cn/feed": tls: failed to verify certificate: x509: certificate is valid for cloudflare-dns.com, *.cloudflare-dns.com, one.one.one.one, not jingxin18.cn

[Wed Aug 7 02:27:2024] [Parse RSS error] https://www.shephe.com/feed: Attempt 2/3: Failed to detect feed type

[Wed Aug 7 02:27:2024] [Get RSS error] https://www.bio-w.cn/feed: Attempt 2/3: Get "https://www.bio-w.cn/feed": tls: failed to verify certificate: x509: certificate has expired or is not yet valid: current time 2024-08-06T18:27:44Z is after 2024-08-05T23:59:59Z

[Wed Aug 7 02:27:2024] [Parse RSS error] https://www.shephe.com/feed: Attempt 3/3: Failed to detect feed type

[Wed Aug 7 02:27:2024] [Get RSS error] https://www.bio-w.cn/feed: Attempt 3/3: Get "https://www.bio-w.cn/feed": tls: failed to verify certificate: x509: certificate has expired or is not yet valid: current time 2024-08-06T18:27:55Z is after 2024-08-05T23:59:59Z

[Wed Aug 7 02:28:2024] [Failed to fetch RSS] https://jingxin18.cn/feed: Get "https://jingxin18.cn/feed": tls: failed to verify certificate: x509: certificate is valid for cloudflare-dns.com, *.cloudflare-dns.com, one.one.one.one, not jingxin18.cn

[Wed Aug 7 02:28:2024] [Failed to fetch RSS] https://www.bio-w.cn/feed: Get "https://www.bio-w.cn/feed": tls: failed to verify certificate: x509: certificate has expired or is not yet valid: current time 2024-08-06T18:27:55Z is after 2024-08-05T23:59:59Z

[Wed Aug 7 05:18:2024] [Get RSS error] https://jingxin18.cn/feed: Attempt 1/3: Get "https://jingxin18.cn/feed": tls: failed to verify certificate: x509: certificate is valid for cloudflare-dns.com, *.cloudflare-dns.com, one.one.one.one, not jingxin18.cn

[Wed Aug 7 05:18:2024] [Get RSS error] https://www.bio-w.cn/feed: Attempt 1/3: Get "https://www.bio-w.cn/feed": tls: failed to verify certificate: x509: certificate has expired or is not yet valid: current time 2024-08-06T21:18:23Z is after 2024-08-05T23:59:59Z

[Wed Aug 7 05:18:2024] [Get RSS error] https://jingxin18.cn/feed: Attempt 2/3: Get "https://jingxin18.cn/feed": tls: failed to verify certificate: x509: certificate is valid for cloudflare-dns.com, *.cloudflare-dns.com, one.one.one.one, not jingxin18.cn

[Wed Aug 7 05:18:2024] [Get RSS error] https://www.bio-w.cn/feed: Attempt 2/3: Get "https://www.bio-w.cn/feed": tls: failed to verify certificate: x509: certificate has expired or is not yet valid: current time 2024-08-06T21:18:34Z is after 2024-08-05T23:59:59Z

[Wed Aug 7 05:18:2024] [Get RSS error] https://jingxin18.cn/feed: Attempt 3/3: Get "https://jingxin18.cn/feed": tls: failed to verify certificate: x509: certificate is valid for cloudflare-dns.com, *.cloudflare-dns.com, one.one.one.one, not jingxin18.cn

[Wed Aug 7 05:18:2024] [Get RSS error] https://www.bio-w.cn/feed: Attempt 3/3: Get "https://www.bio-w.cn/feed": tls: failed to verify certificate: x509: certificate has expired or is not yet valid: current time 2024-08-06T21:18:46Z is after 2024-08-05T23:59:59Z

[Wed Aug 7 05:18:2024] [Failed to fetch RSS] https://jingxin18.cn/feed: Get "https://jingxin18.cn/feed": tls: failed to verify certificate: x509: certificate is valid for cloudflare-dns.com, *.cloudflare-dns.com, one.one.one.one, not jingxin18.cn

[Wed Aug 7 05:18:2024] [Failed to fetch RSS] https://www.bio-w.cn/feed: Get "https://www.bio-w.cn/feed": tls: failed to verify certificate: x509: certificate has expired or is not yet valid: current time 2024-08-06T21:18:46Z is after 2024-08-05T23:59:59Z

[Wed Aug 7 09:26:2024] [Get RSS error] https://jingxin18.cn/feed: Attempt 1/3: Get "https://jingxin18.cn/feed": tls: failed to verify certificate: x509: certificate is valid for cloudflare-dns.com, *.cloudflare-dns.com, one.one.one.one, not jingxin18.cn

[Wed Aug 7 09:26:2024] [Get RSS error] https://www.bio-w.cn/feed: Attempt 1/3: Get "https://www.bio-w.cn/feed": tls: failed to verify certificate: x509: certificate has expired or is not yet valid: current time 2024-08-07T01:26:28Z is after 2024-08-05T23:59:59Z

[Wed Aug 7 09:26:2024] [Get RSS error] https://jingxin18.cn/feed: Attempt 2/3: Get "https://jingxin18.cn/feed": tls: failed to verify certificate: x509: certificate is valid for cloudflare-dns.com, *.cloudflare-dns.com, one.one.one.one, not jingxin18.cn

[Wed Aug 7 09:26:2024] [Get RSS error] https://www.bio-w.cn/feed: Attempt 2/3: Get "https://www.bio-w.cn/feed": tls: failed to verify certificate: x509: certificate has expired or is not yet valid: current time 2024-08-07T01:26:39Z is after 2024-08-05T23:59:59Z

[Wed Aug 7 09:26:2024] [Get RSS error] https://jingxin18.cn/feed: Attempt 3/3: Get "https://jingxin18.cn/feed": tls: failed to verify certificate: x509: certificate is valid for cloudflare-dns.com, *.cloudflare-dns.com, one.one.one.one, not jingxin18.cn

[Wed Aug 7 09:26:2024] [Get RSS error] https://www.bio-w.cn/feed: Attempt 3/3: Get "https://www.bio-w.cn/feed": tls: failed to verify certificate: x509: certificate has expired or is not yet valid: current time 2024-08-07T01:26:50Z is after 2024-08-05T23:59:59Z

[Wed Aug 7 09:27:2024] [Failed to fetch RSS] https://jingxin18.cn/feed: Get "https://jingxin18.cn/feed": tls: failed to verify certificate: x509: certificate is valid for cloudflare-dns.com, *.cloudflare-dns.com, one.one.one.one, not jingxin18.cn

[Wed Aug 7 09:27:2024] [Failed to fetch RSS] https://www.bio-w.cn/feed: Get "https://www.bio-w.cn/feed": tls: failed to verify certificate: x509: certificate has expired or is not yet valid: current time 2024-08-07T01:26:50Z is after 2024-08-05T23:59:59Z

[Wed Aug 7 11:22:2024] [Get RSS error] https://jingxin18.cn/feed: Attempt 1/3: Get "https://jingxin18.cn/feed": tls: failed to verify certificate: x509: certificate is valid for cloudflare-dns.com, *.cloudflare-dns.com, one.one.one.one, not jingxin18.cn

[Wed Aug 7 11:22:2024] [Get RSS error] https://www.bio-w.cn/feed: Attempt 1/3: Get "https://www.bio-w.cn/feed": tls: failed to verify certificate: x509: certificate has expired or is not yet valid: current time 2024-08-07T03:22:11Z is after 2024-08-05T23:59:59Z

[Wed Aug 7 11:22:2024] [Get RSS error] https://jingxin18.cn/feed: Attempt 2/3: Get "https://jingxin18.cn/feed": tls: failed to verify certificate: x509: certificate is valid for cloudflare-dns.com, *.cloudflare-dns.com, one.one.one.one, not jingxin18.cn

[Wed Aug 7 11:22:2024] [Get RSS error] https://www.bio-w.cn/feed: Attempt 2/3: Get "https://www.bio-w.cn/feed": tls: failed to verify certificate: x509: certificate has expired or is not yet valid: current time 2024-08-07T03:22:22Z is after 2024-08-05T23:59:59Z

[Wed Aug 7 11:22:2024] [Get RSS error] https://jingxin18.cn/feed: Attempt 3/3: Get "https://jingxin18.cn/feed": tls: failed to verify certificate: x509: certificate is valid for cloudflare-dns.com, *.cloudflare-dns.com, one.one.one.one, not jingxin18.cn

[Wed Aug 7 11:22:2024] [Get RSS error] https://www.bio-w.cn/feed: Attempt 3/3: Get "https://www.bio-w.cn/feed": tls: failed to verify certificate: x509: certificate has expired or is not yet valid: current time 2024-08-07T03:22:33Z is after 2024-08-05T23:59:59Z

[Wed Aug 7 11:22:2024] [Failed to fetch RSS] https://jingxin18.cn/feed: Get "https://jingxin18.cn/feed": tls: failed to verify certificate: x509: certificate is valid for cloudflare-dns.com, *.cloudflare-dns.com, one.one.one.one, not jingxin18.cn

[Wed Aug 7 11:22:2024] [Failed to fetch RSS] https://www.bio-w.cn/feed: Get "https://www.bio-w.cn/feed": tls: failed to verify certificate: x509: certificate has expired or is not yet valid: current time 2024-08-07T03:22:33Z is after 2024-08-05T23:59:59Z

[Wed Aug 7 14:27:2024] [Get RSS error] https://jingxin18.cn/feed: Attempt 1/3: Get "https://jingxin18.cn/feed": tls: failed to verify certificate: x509: certificate is valid for cloudflare-dns.com, *.cloudflare-dns.com, one.one.one.one, not jingxin18.cn

[Wed Aug 7 14:27:2024] [Get RSS error] https://www.bio-w.cn/feed: Attempt 1/3: Get "https://www.bio-w.cn/feed": tls: failed to verify certificate: x509: certificate has expired or is not yet valid: current time 2024-08-07T06:27:45Z is after 2024-08-05T23:59:59Z

[Wed Aug 7 14:27:2024] [Parse RSS error] https://1900.live/rss.xml: Attempt 1/3: XML syntax error on line 1: unexpected EOF

[Wed Aug 7 14:27:2024] [Get RSS error] https://jingxin18.cn/feed: Attempt 2/3: Get "https://jingxin18.cn/feed": tls: failed to verify certificate: x509: certificate is valid for cloudflare-dns.com, *.cloudflare-dns.com, one.one.one.one, not jingxin18.cn

[Wed Aug 7 14:27:2024] [Get RSS error] https://www.bio-w.cn/feed: Attempt 2/3: Get "https://www.bio-w.cn/feed": tls: failed to verify certificate: x509: certificate has expired or is not yet valid: current time 2024-08-07T06:27:56Z is after 2024-08-05T23:59:59Z

[Wed Aug 7 14:28:2024] [Parse RSS error] https://1900.live/rss.xml: Attempt 2/3: XML syntax error on line 1: unexpected EOF

[Wed Aug 7 14:28:2024] [Get RSS error] https://jingxin18.cn/feed: Attempt 3/3: Get "https://jingxin18.cn/feed": tls: failed to verify certificate: x509: certificate is valid for cloudflare-dns.com, *.cloudflare-dns.com, one.one.one.one, not jingxin18.cn

[Wed Aug 7 14:28:2024] [Get RSS error] https://www.bio-w.cn/feed: Attempt 3/3: Get "https://www.bio-w.cn/feed": tls: failed to verify certificate: x509: certificate has expired or is not yet valid: current time 2024-08-07T06:28:07Z is after 2024-08-05T23:59:59Z

[Wed Aug 7 14:28:2024] [Parse RSS error] https://1900.live/rss.xml: Attempt 3/3: XML syntax error on line 1: unexpected EOF

[Wed Aug 7 14:28:2024] [Failed to fetch RSS] https://jingxin18.cn/feed: Get "https://jingxin18.cn/feed": tls: failed to verify certificate: x509: certificate is valid for cloudflare-dns.com, *.cloudflare-dns.com, one.one.one.one, not jingxin18.cn

[Wed Aug 7 14:28:2024] [Failed to fetch RSS] https://www.bio-w.cn/feed: Get "https://www.bio-w.cn/feed": tls: failed to verify certificate: x509: certificate has expired or is not yet valid: current time 2024-08-07T06:28:07Z is after 2024-08-05T23:59:59Z

[Wed Aug 7 14:28:2024] [Failed to parse RSS] https://1900.live/rss.xml: XML syntax error on line 1: unexpected EOF

[Wed Aug 7 17:21:2024] [Get RSS error] https://jingxin18.cn/feed: Attempt 1/3: Get "https://jingxin18.cn/feed": tls: failed to verify certificate: x509: certificate is valid for cloudflare-dns.com, *.cloudflare-dns.com, one.one.one.one, not jingxin18.cn

[Wed Aug 7 17:21:2024] [Get RSS error] https://www.bio-w.cn/feed: Attempt 1/3: Get "https://www.bio-w.cn/feed": tls: failed to verify certificate: x509: certificate has expired or is not yet valid: current time 2024-08-07T09:21:32Z is after 2024-08-05T23:59:59Z

[Wed Aug 7 17:21:2024] [Get RSS error] https://jingxin18.cn/feed: Attempt 2/3: Get "https://jingxin18.cn/feed": tls: failed to verify certificate: x509: certificate is valid for cloudflare-dns.com, *.cloudflare-dns.com, one.one.one.one, not jingxin18.cn

[Wed Aug 7 17:21:2024] [Get RSS error] https://www.bio-w.cn/feed: Attempt 2/3: Get "https://www.bio-w.cn/feed": tls: failed to verify certificate: x509: certificate has expired or is not yet valid: current time 2024-08-07T09:21:43Z is after 2024-08-05T23:59:59Z

[Wed Aug 7 17:21:2024] [Get RSS error] https://jingxin18.cn/feed: Attempt 3/3: Get "https://jingxin18.cn/feed": tls: failed to verify certificate: x509: certificate is valid for cloudflare-dns.com, *.cloudflare-dns.com, one.one.one.one, not jingxin18.cn

[Wed Aug 7 17:21:2024] [Get RSS error] https://www.bio-w.cn/feed: Attempt 3/3: Get "https://www.bio-w.cn/feed": tls: failed to verify certificate: x509: certificate has expired or is not yet valid: current time 2024-08-07T09:21:54Z is after 2024-08-05T23:59:59Z

[Wed Aug 7 17:22:2024] [Failed to fetch RSS] https://jingxin18.cn/feed: Get "https://jingxin18.cn/feed": tls: failed to verify certificate: x509: certificate is valid for cloudflare-dns.com, *.cloudflare-dns.com, one.one.one.one, not jingxin18.cn

[Wed Aug 7 17:22:2024] [Failed to fetch RSS] https://www.bio-w.cn/feed: Get "https://www.bio-w.cn/feed": tls: failed to verify certificate: x509: certificate has expired or is not yet valid: current time 2024-08-07T09:21:54Z is after 2024-08-05T23:59:59Z

[Wed Aug 7 20:38:2024] [Get RSS error] https://jingxin18.cn/feed: Attempt 1/3: Get "https://jingxin18.cn/feed": tls: failed to verify certificate: x509: certificate is valid for cloudflare-dns.com, *.cloudflare-dns.com, one.one.one.one, not jingxin18.cn

[Wed Aug 7 20:38:2024] [Get RSS error] https://www.bio-w.cn/feed: Attempt 1/3: Get "https://www.bio-w.cn/feed": tls: failed to verify certificate: x509: certificate has expired or is not yet valid: current time 2024-08-07T12:38:33Z is after 2024-08-05T23:59:59Z

[Wed Aug 7 20:38:2024] [Get RSS error] https://jingxin18.cn/feed: Attempt 2/3: Get "https://jingxin18.cn/feed": tls: failed to verify certificate: x509: certificate is valid for cloudflare-dns.com, *.cloudflare-dns.com, one.one.one.one, not jingxin18.cn

[Wed Aug 7 20:38:2024] [Get RSS error] https://www.bio-w.cn/feed: Attempt 2/3: Get "https://www.bio-w.cn/feed": tls: failed to verify certificate: x509: certificate has expired or is not yet valid: current time 2024-08-07T12:38:44Z is after 2024-08-05T23:59:59Z

[Wed Aug 7 20:38:2024] [Get RSS error] https://jingxin18.cn/feed: Attempt 3/3: Get "https://jingxin18.cn/feed": tls: failed to verify certificate: x509: certificate is valid for cloudflare-dns.com, *.cloudflare-dns.com, one.one.one.one, not jingxin18.cn

[Wed Aug 7 20:38:2024] [Get RSS error] https://www.bio-w.cn/feed: Attempt 3/3: Get "https://www.bio-w.cn/feed": tls: failed to verify certificate: x509: certificate has expired or is not yet valid: current time 2024-08-07T12:38:55Z is after 2024-08-05T23:59:59Z

[Wed Aug 7 20:39:2024] [Failed to fetch RSS] https://jingxin18.cn/feed: Get "https://jingxin18.cn/feed": tls: failed to verify certificate: x509: certificate is valid for cloudflare-dns.com, *.cloudflare-dns.com, one.one.one.one, not jingxin18.cn

[Wed Aug 7 20:39:2024] [Failed to fetch RSS] https://www.bio-w.cn/feed: Get "https://www.bio-w.cn/feed": tls: failed to verify certificate: x509: certificate has expired or is not yet valid: current time 2024-08-07T12:38:55Z is after 2024-08-05T23:59:59Z

[Wed Aug 7 23:20:2024] [Get RSS error] https://jingxin18.cn/feed: Attempt 1/3: Get "https://jingxin18.cn/feed": tls: failed to verify certificate: x509: certificate is valid for cloudflare-dns.com, *.cloudflare-dns.com, one.one.one.one, not jingxin18.cn

[Wed Aug 7 23:20:2024] [Get RSS error] https://www.bio-w.cn/feed: Attempt 1/3: Get "https://www.bio-w.cn/feed": tls: failed to verify certificate: x509: certificate has expired or is not yet valid: current time 2024-08-07T15:20:52Z is after 2024-08-05T23:59:59Z

[Wed Aug 7 23:21:2024] [Get RSS error] https://jingxin18.cn/feed: Attempt 2/3: Get "https://jingxin18.cn/feed": tls: failed to verify certificate: x509: certificate is valid for cloudflare-dns.com, *.cloudflare-dns.com, one.one.one.one, not jingxin18.cn

[Wed Aug 7 23:21:2024] [Get RSS error] https://www.bio-w.cn/feed: Attempt 2/3: Get "https://www.bio-w.cn/feed": tls: failed to verify certificate: x509: certificate has expired or is not yet valid: current time 2024-08-07T15:21:04Z is after 2024-08-05T23:59:59Z

[Wed Aug 7 23:21:2024] [Get RSS error] https://jingxin18.cn/feed: Attempt 3/3: Get "https://jingxin18.cn/feed": tls: failed to verify certificate: x509: certificate is valid for cloudflare-dns.com, *.cloudflare-dns.com, one.one.one.one, not jingxin18.cn

[Wed Aug 7 23:21:2024] [Get RSS error] https://www.bio-w.cn/feed: Attempt 3/3: Get "https://www.bio-w.cn/feed": tls: failed to verify certificate: x509: certificate has expired or is not yet valid: current time 2024-08-07T15:21:15Z is after 2024-08-05T23:59:59Z

[Wed Aug 7 23:21:2024] [Failed to fetch RSS] https://jingxin18.cn/feed: Get "https://jingxin18.cn/feed": tls: failed to verify certificate: x509: certificate is valid for cloudflare-dns.com, *.cloudflare-dns.com, one.one.one.one, not jingxin18.cn

[Wed Aug 7 23:21:2024] [Failed to fetch RSS] https://www.bio-w.cn/feed: Get "https://www.bio-w.cn/feed": tls: failed to verify certificate: x509: certificate has expired or is not yet valid: current time 2024-08-07T15:21:15Z is after 2024-08-05T23:59:59Z

[Thu Aug 8 02:26:2024] [Get RSS error] https://jingxin18.cn/feed: Attempt 1/3: Get "https://jingxin18.cn/feed": tls: failed to verify certificate: x509: certificate is valid for cloudflare-dns.com, *.cloudflare-dns.com, one.one.one.one, not jingxin18.cn

[Thu Aug 8 02:26:2024] [Get RSS error] https://www.bio-w.cn/feed: Attempt 1/3: Get "https://www.bio-w.cn/feed": tls: failed to verify certificate: x509: certificate has expired or is not yet valid: current time 2024-08-07T18:26:40Z is after 2024-08-05T23:59:59Z

[Thu Aug 8 02:26:2024] [Get RSS error] https://jingxin18.cn/feed: Attempt 2/3: Get "https://jingxin18.cn/feed": tls: failed to verify certificate: x509: certificate is valid for cloudflare-dns.com, *.cloudflare-dns.com, one.one.one.one, not jingxin18.cn

[Thu Aug 8 02:26:2024] [Get RSS error] https://www.bio-w.cn/feed: Attempt 2/3: Get "https://www.bio-w.cn/feed": tls: failed to verify certificate: x509: certificate has expired or is not yet valid: current time 2024-08-07T18:26:52Z is after 2024-08-05T23:59:59Z

[Thu Aug 8 02:27:2024] [Get RSS error] https://jingxin18.cn/feed: Attempt 3/3: Get "https://jingxin18.cn/feed": tls: failed to verify certificate: x509: certificate is valid for cloudflare-dns.com, *.cloudflare-dns.com, one.one.one.one, not jingxin18.cn

[Thu Aug 8 02:27:2024] [Get RSS error] https://www.bio-w.cn/feed: Attempt 3/3: Get "https://www.bio-w.cn/feed": tls: failed to verify certificate: x509: certificate has expired or is not yet valid: current time 2024-08-07T18:27:03Z is after 2024-08-05T23:59:59Z

[Thu Aug 8 02:27:2024] [Failed to fetch RSS] https://jingxin18.cn/feed: Get "https://jingxin18.cn/feed": tls: failed to verify certificate: x509: certificate is valid for cloudflare-dns.com, *.cloudflare-dns.com, one.one.one.one, not jingxin18.cn

[Thu Aug 8 02:27:2024] [Failed to fetch RSS] https://www.bio-w.cn/feed: Get "https://www.bio-w.cn/feed": tls: failed to verify certificate: x509: certificate has expired or is not yet valid: current time 2024-08-07T18:27:03Z is after 2024-08-05T23:59:59Z

[Thu Aug 8 05:20:2024] [Get RSS error] https://jingxin18.cn/feed: Attempt 1/3: Get "https://jingxin18.cn/feed": tls: failed to verify certificate: x509: certificate is valid for cloudflare-dns.com, *.cloudflare-dns.com, one.one.one.one, not jingxin18.cn

[Thu Aug 8 05:20:2024] [Get RSS error] https://jingxin18.cn/feed: Attempt 2/3: Get "https://jingxin18.cn/feed": tls: failed to verify certificate: x509: certificate is valid for cloudflare-dns.com, *.cloudflare-dns.com, one.one.one.one, not jingxin18.cn

[Thu Aug 8 05:20:2024] [Get RSS error] https://jingxin18.cn/feed: Attempt 3/3: Get "https://jingxin18.cn/feed": tls: failed to verify certificate: x509: certificate is valid for cloudflare-dns.com, *.cloudflare-dns.com, one.one.one.one, not jingxin18.cn

[Thu Aug 8 05:20:2024] [Failed to fetch RSS] https://jingxin18.cn/feed: Get "https://jingxin18.cn/feed": tls: failed to verify certificate: x509: certificate is valid for cloudflare-dns.com, *.cloudflare-dns.com, one.one.one.one, not jingxin18.cn

[Thu Aug 8 09:26:2024] [Get RSS error] https://jingxin18.cn/feed: Attempt 1/3: Get "https://jingxin18.cn/feed": tls: failed to verify certificate: x509: certificate is valid for cloudflare-dns.com, *.cloudflare-dns.com, one.one.one.one, not jingxin18.cn

[Thu Aug 8 09:26:2024] [Get RSS error] https://www.bio-w.cn/feed: Attempt 1/3: Get "https://www.bio-w.cn/feed": tls: failed to verify certificate: x509: certificate has expired or is not yet valid: current time 2024-08-08T01:26:16Z is after 2024-08-05T23:59:59Z

[Thu Aug 8 09:26:2024] [Get RSS error] https://jingxin18.cn/feed: Attempt 2/3: Get "https://jingxin18.cn/feed": tls: failed to verify certificate: x509: certificate is valid for cloudflare-dns.com, *.cloudflare-dns.com, one.one.one.one, not jingxin18.cn

[Thu Aug 8 09:26:2024] [Get RSS error] https://www.bio-w.cn/feed: Attempt 2/3: Get "https://www.bio-w.cn/feed": tls: failed to verify certificate: x509: certificate has expired or is not yet valid: current time 2024-08-08T01:26:28Z is after 2024-08-05T23:59:59Z

[Thu Aug 8 09:26:2024] [Get RSS error] https://jingxin18.cn/feed: Attempt 3/3: Get "https://jingxin18.cn/feed": tls: failed to verify certificate: x509: certificate is valid for cloudflare-dns.com, *.cloudflare-dns.com, one.one.one.one, not jingxin18.cn

[Thu Aug 8 09:26:2024] [Get RSS error] https://www.bio-w.cn/feed: Attempt 3/3: Get "https://www.bio-w.cn/feed": tls: failed to verify certificate: x509: certificate has expired or is not yet valid: current time 2024-08-08T01:26:39Z is after 2024-08-05T23:59:59Z

[Thu Aug 8 09:26:2024] [Failed to fetch RSS] https://jingxin18.cn/feed: Get "https://jingxin18.cn/feed": tls: failed to verify certificate: x509: certificate is valid for cloudflare-dns.com, *.cloudflare-dns.com, one.one.one.one, not jingxin18.cn

[Thu Aug 8 09:26:2024] [Failed to fetch RSS] https://www.bio-w.cn/feed: Get "https://www.bio-w.cn/feed": tls: failed to verify certificate: x509: certificate has expired or is not yet valid: current time 2024-08-08T01:26:39Z is after 2024-08-05T23:59:59Z

[Thu Aug 8 11:21:2024] [Get RSS error] https://jingxin18.cn/feed: Attempt 1/3: Get "https://jingxin18.cn/feed": tls: failed to verify certificate: x509: certificate is valid for cloudflare-dns.com, *.cloudflare-dns.com, one.one.one.one, not jingxin18.cn

[Thu Aug 8 11:21:2024] [Get RSS error] https://www.bio-w.cn/feed: Attempt 1/3: Get "https://www.bio-w.cn/feed": tls: failed to verify certificate: x509: certificate has expired or is not yet valid: current time 2024-08-08T03:21:54Z is after 2024-08-05T23:59:59Z

[Thu Aug 8 11:22:2024] [Get RSS error] https://jingxin18.cn/feed: Attempt 2/3: Get "https://jingxin18.cn/feed": tls: failed to verify certificate: x509: certificate is valid for cloudflare-dns.com, *.cloudflare-dns.com, one.one.one.one, not jingxin18.cn

[Thu Aug 8 11:22:2024] [Get RSS error] https://www.bio-w.cn/feed: Attempt 2/3: Get "https://www.bio-w.cn/feed": tls: failed to verify certificate: x509: certificate has expired or is not yet valid: current time 2024-08-08T03:22:05Z is after 2024-08-05T23:59:59Z

[Thu Aug 8 11:22:2024] [Get RSS error] https://jingxin18.cn/feed: Attempt 3/3: Get "https://jingxin18.cn/feed": tls: failed to verify certificate: x509: certificate is valid for cloudflare-dns.com, *.cloudflare-dns.com, one.one.one.one, not jingxin18.cn

[Thu Aug 8 11:22:2024] [Get RSS error] https://www.bio-w.cn/feed: Attempt 3/3: Get "https://www.bio-w.cn/feed": tls: failed to verify certificate: x509: certificate has expired or is not yet valid: current time 2024-08-08T03:22:16Z is after 2024-08-05T23:59:59Z

[Thu Aug 8 11:22:2024] [Failed to fetch RSS] https://jingxin18.cn/feed: Get "https://jingxin18.cn/feed": tls: failed to verify certificate: x509: certificate is valid for cloudflare-dns.com, *.cloudflare-dns.com, one.one.one.one, not jingxin18.cn

[Thu Aug 8 11:22:2024] [Failed to fetch RSS] https://www.bio-w.cn/feed: Get "https://www.bio-w.cn/feed": tls: failed to verify certificate: x509: certificate has expired or is not yet valid: current time 2024-08-08T03:22:16Z is after 2024-08-05T23:59:59Z

[Thu Aug 8 14:28:2024] [Get RSS error] https://jingxin18.cn/feed: Attempt 1/3: Get "https://jingxin18.cn/feed": tls: failed to verify certificate: x509: certificate is valid for cloudflare-dns.com, *.cloudflare-dns.com, one.one.one.one, not jingxin18.cn

[Thu Aug 8 14:28:2024] [Get RSS error] https://www.bio-w.cn/feed: Attempt 1/3: Get "https://www.bio-w.cn/feed": tls: failed to verify certificate: x509: certificate has expired or is not yet valid: current time 2024-08-08T06:28:27Z is after 2024-08-05T23:59:59Z

[Thu Aug 8 14:28:2024] [Get RSS error] https://www.liveout.cn/feed: Attempt 1/3: Get "https://www.liveout.cn/feed/": context deadline exceeded (Client.Timeout exceeded while awaiting headers)

[Thu Aug 8 14:28:2024] [Get RSS error] https://jingxin18.cn/feed: Attempt 2/3: Get "https://jingxin18.cn/feed": tls: failed to verify certificate: x509: certificate is valid for cloudflare-dns.com, *.cloudflare-dns.com, one.one.one.one, not jingxin18.cn

[Thu Aug 8 14:28:2024] [Get RSS error] https://www.bio-w.cn/feed: Attempt 2/3: Get "https://www.bio-w.cn/feed": tls: failed to verify certificate: x509: certificate has expired or is not yet valid: current time 2024-08-08T06:28:39Z is after 2024-08-05T23:59:59Z

[Thu Aug 8 14:28:2024] [Get RSS error] https://jingxin18.cn/feed: Attempt 3/3: Get "https://jingxin18.cn/feed": tls: failed to verify certificate: x509: certificate is valid for cloudflare-dns.com, *.cloudflare-dns.com, one.one.one.one, not jingxin18.cn

[Thu Aug 8 14:28:2024] [Get RSS error] https://www.bio-w.cn/feed: Attempt 3/3: Get "https://www.bio-w.cn/feed": tls: failed to verify certificate: x509: certificate has expired or is not yet valid: current time 2024-08-08T06:28:50Z is after 2024-08-05T23:59:59Z

[Thu Aug 8 14:28:2024] [Failed to fetch RSS] https://jingxin18.cn/feed: Get "https://jingxin18.cn/feed": tls: failed to verify certificate: x509: certificate is valid for cloudflare-dns.com, *.cloudflare-dns.com, one.one.one.one, not jingxin18.cn

[Thu Aug 8 14:29:2024] [Failed to fetch RSS] https://www.bio-w.cn/feed: Get "https://www.bio-w.cn/feed": tls: failed to verify certificate: x509: certificate has expired or is not yet valid: current time 2024-08-08T06:28:50Z is after 2024-08-05T23:59:59Z

[Thu Aug 8 17:21:2024] [Get RSS error] https://jingxin18.cn/feed: Attempt 1/3: Get "https://jingxin18.cn/feed": tls: failed to verify certificate: x509: certificate is valid for cloudflare-dns.com, *.cloudflare-dns.com, one.one.one.one, not jingxin18.cn

[Thu Aug 8 17:21:2024] [Get RSS error] https://www.bio-w.cn/feed: Attempt 1/3: Get "https://www.bio-w.cn/feed": tls: failed to verify certificate: x509: certificate has expired or is not yet valid: current time 2024-08-08T09:21:07Z is after 2024-08-05T23:59:59Z

[Thu Aug 8 17:21:2024] [Get RSS error] https://jingxin18.cn/feed: Attempt 2/3: Get "https://jingxin18.cn/feed": tls: failed to verify certificate: x509: certificate is valid for cloudflare-dns.com, *.cloudflare-dns.com, one.one.one.one, not jingxin18.cn

[Thu Aug 8 17:21:2024] [Get RSS error] https://www.bio-w.cn/feed: Attempt 2/3: Get "https://www.bio-w.cn/feed": tls: failed to verify certificate: x509: certificate has expired or is not yet valid: current time 2024-08-08T09:21:21Z is after 2024-08-05T23:59:59Z

[Thu Aug 8 17:21:2024] [Get RSS error] https://jingxin18.cn/feed: Attempt 3/3: Get "https://jingxin18.cn/feed": tls: failed to verify certificate: x509: certificate is valid for cloudflare-dns.com, *.cloudflare-dns.com, one.one.one.one, not jingxin18.cn

[Thu Aug 8 17:21:2024] [Get RSS error] https://www.bio-w.cn/feed: Attempt 3/3: Get "https://www.bio-w.cn/feed": tls: failed to verify certificate: x509: certificate has expired or is not yet valid: current time 2024-08-08T09:21:33Z is after 2024-08-05T23:59:59Z

[Thu Aug 8 17:21:2024] [Failed to fetch RSS] https://jingxin18.cn/feed: Get "https://jingxin18.cn/feed": tls: failed to verify certificate: x509: certificate is valid for cloudflare-dns.com, *.cloudflare-dns.com, one.one.one.one, not jingxin18.cn

[Thu Aug 8 17:21:2024] [Failed to fetch RSS] https://www.bio-w.cn/feed: Get "https://www.bio-w.cn/feed": tls: failed to verify certificate: x509: certificate has expired or is not yet valid: current time 2024-08-08T09:21:33Z is after 2024-08-05T23:59:59Z

[Thu Aug 8 20:38:2024] [Get RSS error] https://jingxin18.cn/feed: Attempt 1/3: Get "https://jingxin18.cn/feed": tls: failed to verify certificate: x509: certificate is valid for cloudflare-dns.com, *.cloudflare-dns.com, one.one.one.one, not jingxin18.cn

[Thu Aug 8 20:38:2024] [Get RSS error] https://www.bio-w.cn/feed: Attempt 1/3: Get "https://www.bio-w.cn/feed": tls: failed to verify certificate: x509: certificate has expired or is not yet valid: current time 2024-08-08T12:38:28Z is after 2024-08-05T23:59:59Z

[Thu Aug 8 20:38:2024] [Get RSS error] https://www.shephe.com/feed: Attempt 1/3: Get "https://www.shephe.com/feed": context deadline exceeded (Client.Timeout exceeded while awaiting headers)

[Thu Aug 8 20:38:2024] [Get RSS error] https://jingxin18.cn/feed: Attempt 2/3: Get "https://jingxin18.cn/feed": tls: failed to verify certificate: x509: certificate is valid for cloudflare-dns.com, *.cloudflare-dns.com, one.one.one.one, not jingxin18.cn

[Thu Aug 8 20:38:2024] [Get RSS error] https://www.bio-w.cn/feed: Attempt 2/3: Get "https://www.bio-w.cn/feed": tls: failed to verify certificate: x509: certificate has expired or is not yet valid: current time 2024-08-08T12:38:39Z is after 2024-08-05T23:59:59Z

[Thu Aug 8 20:38:2024] [Get RSS error] https://jingxin18.cn/feed: Attempt 3/3: Get "https://jingxin18.cn/feed": tls: failed to verify certificate: x509: certificate is valid for cloudflare-dns.com, *.cloudflare-dns.com, one.one.one.one, not jingxin18.cn

[Thu Aug 8 20:38:2024] [Get RSS error] https://www.bio-w.cn/feed: Attempt 3/3: Get "https://www.bio-w.cn/feed": tls: failed to verify certificate: x509: certificate has expired or is not yet valid: current time 2024-08-08T12:38:50Z is after 2024-08-05T23:59:59Z

[Thu Aug 8 20:38:2024] [Get RSS error] https://www.shephe.com/feed: Attempt 2/3: Get "https://www.shephe.com/feed": context deadline exceeded (Client.Timeout exceeded while awaiting headers)

[Thu Aug 8 20:39:2024] [Failed to fetch RSS] https://jingxin18.cn/feed: Get "https://jingxin18.cn/feed": tls: failed to verify certificate: x509: certificate is valid for cloudflare-dns.com, *.cloudflare-dns.com, one.one.one.one, not jingxin18.cn

[Thu Aug 8 20:39:2024] [Failed to fetch RSS] https://www.bio-w.cn/feed: Get "https://www.bio-w.cn/feed": tls: failed to verify certificate: x509: certificate has expired or is not yet valid: current time 2024-08-08T12:38:50Z is after 2024-08-05T23:59:59Z

[Thu Aug 8 20:39:2024] [Get RSS error] https://www.shephe.com/feed: Attempt 3/3: Get "https://www.shephe.com/feed": context deadline exceeded (Client.Timeout exceeded while awaiting headers)

[Thu Aug 8 20:39:2024] [Failed to fetch RSS] https://www.shephe.com/feed: Get "https://www.shephe.com/feed": context deadline exceeded (Client.Timeout exceeded while awaiting headers)

[Thu Aug 8 23:21:2024] [Get RSS error] https://jingxin18.cn/feed: Attempt 1/3: Get "https://jingxin18.cn/feed": tls: failed to verify certificate: x509: certificate is valid for cloudflare-dns.com, *.cloudflare-dns.com, one.one.one.one, not jingxin18.cn

[Thu Aug 8 23:21:2024] [Get RSS error] https://www.bio-w.cn/feed: Attempt 1/3: Get "https://www.bio-w.cn/feed": tls: failed to verify certificate: x509: certificate has expired or is not yet valid: current time 2024-08-08T15:21:23Z is after 2024-08-05T23:59:59Z

[Thu Aug 8 23:21:2024] [Get RSS error] https://jingxin18.cn/feed: Attempt 2/3: Get "https://jingxin18.cn/feed": tls: failed to verify certificate: x509: certificate is valid for cloudflare-dns.com, *.cloudflare-dns.com, one.one.one.one, not jingxin18.cn

[Thu Aug 8 23:21:2024] [Get RSS error] https://www.bio-w.cn/feed: Attempt 2/3: Get "https://www.bio-w.cn/feed": context deadline exceeded (Client.Timeout exceeded while awaiting headers)

